<?xml version="1.0" encoding="UTF-8"?>
<testsuite name="com.siigo.runners.clientes.CrearClienteRunner" tests="0" skipped="0" failures="0" errors="0" timestamp="1970-01-01T00:00:00" hostname="THINKPAD-E450" time="0.0">
  <properties/>
  <system-out><![CDATA[
?[31mFailed scenarios:?[0m
?[31msrc/test/resources/features/clientes/crear_clientes.feature:4 ?[0m# creacion de un tercero tipo cliente con estado activo

1 Scenarios (?[31m1 failed?[0m)
4 Steps (?[31m1 failed?[0m, ?[36m3 skipped?[0m)
0m12,113s

java.lang.ClassCastException: com.google.common.collect.Maps$TransformedEntriesMap cannot be cast to org.openqa.selenium.WebElement
	at com.siigo.pages.LoginSiigo.getShadowRootElement(LoginSiigo.java:32)
	at com.siigo.pages.LoginSiigo.getInputField(LoginSiigo.java:38)
	at com.siigo.pages.LoginSiigo.enterUsername(LoginSiigo.java:43)
	at com.siigo.tasks.IniciarSesionSiigo.performAs(IniciarSesionSiigo.java:34)
	at com.siigo.tasks.IniciarSesionSiigo$$EnhancerByCGLIB$$999280d7.CGLIB$performAs$0(<generated>)
	at com.siigo.tasks.IniciarSesionSiigo$$EnhancerByCGLIB$$999280d7$$FastClassByCGLIB$$6d1cc9d1.invoke(<generated>)
	at net.sf.cglib.proxy.MethodProxy.invokeSuper(MethodProxy.java:228)
	at net.thucydides.core.steps.StepInterceptor.invokeMethod(StepInterceptor.java:460)
	at net.thucydides.core.steps.StepInterceptor.executeTestStepMethod(StepInterceptor.java:445)
	at net.thucydides.core.steps.StepInterceptor.runTestStep(StepInterceptor.java:420)
	at net.thucydides.core.steps.StepInterceptor.runOrSkipMethod(StepInterceptor.java:175)
	at net.thucydides.core.steps.StepInterceptor.testStepResult(StepInterceptor.java:162)
	at net.thucydides.core.steps.StepInterceptor.intercept(StepInterceptor.java:68)
	at com.siigo.tasks.IniciarSesionSiigo$$EnhancerByCGLIB$$999280d7.performAs(<generated>)
	at net.serenitybdd.screenplay.Actor.performTask(Actor.java:233)
	at net.serenitybdd.screenplay.Actor.perform(Actor.java:214)
	at net.serenitybdd.screenplay.Actor.attemptsTo(Actor.java:171)
	at com.siigo.stepdefinitions.clientes.CrearClienteStepDefinition.queSeIngresaAPaginaSiigoComo(CrearClienteStepDefinition.java:39)
	at ?.que se ingresa a pagina siigo como "analista"(src/test/resources/features/clientes/crear_clientes.feature:5)

]]></system-out>
  <system-err><![CDATA[[Test worker] INFO net.thucydides.core.steps.ConsoleLoggingListener - 

-------------------------------------------------------------------------------------
     _______. _______ .______       _______ .__   __.  __  .___________.____    ____ 
    /       ||   ____||   _  \     |   ____||  \ |  | |  | |           |\   \  /   / 
   |   (----`|  |__   |  |_)  |    |  |__   |   \|  | |  | `---|  |----` \   \/   /  
    \   \    |   __|  |      /     |   __|  |  . `  | |  |     |  |       \_    _/   
.----)   |   |  |____ |  |\  \----.|  |____ |  |\   | |  |     |  |         |  |     
|_______/    |_______|| _| `._____||_______||__| \__| |__|     |__|         |__|    
                                                                                     
 News and tutorials at http://www.serenity-bdd.info                                  
 Documentation at https://wakaleo.gitbooks.io/the-serenity-book/content/             
 Join the Serenity Community on Rocket Chat at https://serenity-bdd.rocket.chat      
 Serenity BDD Support and Training at http://serenity-bdd.info/#/trainingandsupport  
 Learn Serenity BDD online at http://serenity-dojo.com                               
-------------------------------------------------------------------------------------

[Test worker] INFO net.thucydides.core.steps.ConsoleLoggingListener - Test Suite Started: Creacion de terceros de tipo cliente para el sistema
[Test worker] INFO net.thucydides.core.steps.ConsoleLoggingListener - 
 _____ _____ ____ _____   ____ _____  _    ____ _____ _____ ____  
|_   _| ____/ ___|_   _| / ___|_   _|/ \  |  _ \_   _| ____|  _ \ 
  | | |  _| \___ \ | |   \___ \ | | / _ \ | |_) || | |  _| | | | |
  | | | |___ ___) || |    ___) || |/ ___ \|  _ < | | | |___| |_| |
  |_| |_____|____/ |_|   |____/ |_/_/   \_\_| \_\|_| |_____|____/ 
                                                                  

TEST STARTED: creacion de un tercero tipo cliente con estado activo
-------------------------------------------------------------------(creacion-de-terceros-de-tipo-cliente-para-el-sistema;creacion-de-un-tercero-tipo-cliente-con-estado-activo)
]]></system-err>
</testsuite>
