<?xml version="1.0" encoding="UTF-8"?>
<testsuite name="Creacion de terceros de tipo cliente para el sistema" tests="1" skipped="0" failures="1" errors="0" timestamp="2024-09-11T00:23:04" hostname="THINKPAD-E450" time="11.643">
  <properties/>
  <testcase name="creacion de un tercero tipo cliente con estado activo" classname="Creacion de terceros de tipo cliente para el sistema" time="11.643">
    <failure message="java.lang.ClassCastException: com.google.common.collect.Maps$TransformedEntriesMap cannot be cast to org.openqa.selenium.WebElement" type="java.lang.ClassCastException">java.lang.ClassCastException: com.google.common.collect.Maps$TransformedEntriesMap cannot be cast to org.openqa.selenium.WebElement
	at com.siigo.pages.LoginSiigo.getShadowRootElement(LoginSiigo.java:32)
	at com.siigo.pages.LoginSiigo.getInputField(LoginSiigo.java:38)
	at com.siigo.pages.LoginSiigo.enterUsername(LoginSiigo.java:43)
	at com.siigo.tasks.IniciarSesionSiigo.performAs(IniciarSesionSiigo.java:34)
	at com.siigo.tasks.IniciarSesionSiigo$$EnhancerByCGLIB$$999280d7.CGLIB$performAs$0(&lt;generated&gt;)
	at com.siigo.tasks.IniciarSesionSiigo$$EnhancerByCGLIB$$999280d7$$FastClassByCGLIB$$6d1cc9d1.invoke(&lt;generated&gt;)
	at net.sf.cglib.proxy.MethodProxy.invokeSuper(MethodProxy.java:228)
	at net.thucydides.core.steps.StepInterceptor.invokeMethod(StepInterceptor.java:460)
	at net.thucydides.core.steps.StepInterceptor.executeTestStepMethod(StepInterceptor.java:445)
	at net.thucydides.core.steps.StepInterceptor.runTestStep(StepInterceptor.java:420)
	at net.thucydides.core.steps.StepInterceptor.runOrSkipMethod(StepInterceptor.java:175)
	at net.thucydides.core.steps.StepInterceptor.testStepResult(StepInterceptor.java:162)
	at net.thucydides.core.steps.StepInterceptor.intercept(StepInterceptor.java:68)
	at com.siigo.tasks.IniciarSesionSiigo$$EnhancerByCGLIB$$999280d7.performAs(&lt;generated&gt;)
	at net.serenitybdd.screenplay.Actor.performTask(Actor.java:233)
	at net.serenitybdd.screenplay.Actor.perform(Actor.java:214)
	at net.serenitybdd.screenplay.Actor.attemptsTo(Actor.java:171)
	at com.siigo.stepdefinitions.clientes.CrearClienteStepDefinition.queSeIngresaAPaginaSiigoComo(CrearClienteStepDefinition.java:39)
	at ✽.que se ingresa a pagina siigo como &quot;analista&quot;(src/test/resources/features/clientes/crear_clientes.feature:5)
</failure>
  </testcase>
  <system-out><![CDATA[Shadow Host: [[ChromeDriver: chrome on WINDOWS (1451a2ae4ed7b2f3c247a30e64435a0f)] -> css selector: input-atom#username]
]]></system-out>
  <system-err><![CDATA[Starting ChromeDriver 128.0.6613.119 (6e439cfca4deda5954b0c74cde9b521c03cb31ad-refs/branch-heads/6613@{#1464}) on port 14015
Only local connections are allowed.
Please see https://chromedriver.chromium.org/security-considerations for suggestions on keeping ChromeDriver safe.
ChromeDriver was started successfully on port 14015.
sep 10, 2024 7:23:07 PM org.openqa.selenium.remote.ProtocolHandshake createSession
INFORMACIÓN: Detected dialect: W3C
[Test worker] ERROR net.thucydides.core.steps.ConsoleLoggingListener - 
           __  _____ _____ ____ _____   _____ _    ___ _     _____ ____  
  _       / / |_   _| ____/ ___|_   _| |  ___/ \  |_ _| |   | ____|  _ \ 
 (_)_____| |    | | |  _| \___ \ | |   | |_ / _ \  | || |   |  _| | | | |
  _|_____| |    | | | |___ ___) || |   |  _/ ___ \ | || |___| |___| |_| |
 (_)     | |    |_| |_____|____/ |_|   |_|/_/   \_\___|_____|_____|____/ 
          \_\                                                            

TEST FAILED WITH ERROR: creacion de un tercero tipo cliente con estado activo
---------------------------------------------------------------------
[Test worker] ERROR net.thucydides.core.steps.ConsoleLoggingListener - TEST FAILED AT STEP Analista iniciar sesion siigo
[Test worker] ERROR net.thucydides.core.steps.ConsoleLoggingListener - com.google.common.collect.Maps$TransformedEntriesMap cannot be cast to org.openqa.selenium.WebElement
]]></system-err>
</testsuite>
